<?xml version="1.0" encoding="UTF-8"?>
<!-- Generated by org.testng.reporters.JUnitReportReporter -->
<testsuite hostname="DESKTOP-DAG9GGF" failures="0" tests="1" name="driverFactory.DriverScript" time="101.317" errors="0" timestamp="2023-12-06T11:00:12 IST" skipped="0">
  <testcase classname="driverFactory.DriverScript" name="AddingSupliers" time="101.317"/>
  <system-out>
    <![CDATA[Chrome Browser Launched
Chrome Browser Closed]]>
  </system-out>
</testsuite> <!-- driverFactory.DriverScript -->
