<?xml version="1.0" encoding="UTF-8"?>
<!-- Generated by org.testng.reporters.JUnitReportReporter -->
<testsuite hostname="DESKTOP-DAG9GGF" failures="0" tests="3" name="MyClasses.SC_Shots" time="14.141" errors="0" timestamp="2023-12-02T12:06:51 IST" skipped="0">
  <testcase classname="MyClasses.SC_Shots" name="FSC" time="3.805"/>
  <testcase classname="MyClasses.SC_Shots" name="ASC" time="5.890"/>
  <testcase classname="MyClasses.SC_Shots" name="GSC" time="4.446"/>
</testsuite> <!-- MyClasses.SC_Shots -->
